<?xml version="1.0" encoding="UTF-8"?>
<testsuite name="ru.netology.unit.BonusServiceTest" tests="1" skipped="0" failures="0" errors="0" timestamp="2023-07-13T06:46:35" hostname="WIN-GPD103R444U" time="0.025">
  <properties/>
  <testcase name="calculateBonus()" classname="ru.netology.unit.BonusServiceTest" time="0.025"/>
  <system-out><![CDATA[]]></system-out>
  <system-err><![CDATA[]]></system-err>
</testsuite>
